<?xml version="1.0" encoding="UTF-8"?>
<!-- Generated by org.testng.reporters.JUnitXMLReporter -->
<testsuite hostname="DESKTOP-FGS4TB6" ignored="0" name="Default test" tests="3" failures="0" timestamp="21 Sep 2021 11:25:54 GMT" time="0.097" errors="0">
  <testcase name="createContactTest" time="0.034" classname="com.cast.ContactTest.ContactTest"/>
  <testcase name="createContactWithOrgTest" time="0.0" classname="com.cast.ContactTest.ContactTest"/>
  <testcase name="deleteContactTest" time="0.016" classname="com.cast.ContactTest.ContactTest"/>
</testsuite> <!-- Default test -->
